--- 求解结果 ---
矩阵 A:
[[ 1.  1.  1.  1.]
 [ 1.  1. -1. -1.]
 [ 1. -1.  1. -1.]
 [ 1. -1. -1.  1.]]
向量 b: [ 4. -2.  0. -2.]
解 x: [0. 1. 2. 1.]
验证 (Ax=b): 成功
---------------------------
--- 求解结果 ---
矩阵 A:
[[ 1. +0.j         1. +0.j         1. +0.j         1. +0.j
   1. +0.j         1. +0.j       ]
 [ 1. +0.j        -0.5+0.8660254j -0.5-0.8660254j  1. +0.j
  -0.5+0.8660254j -0.5-0.8660254j]
 [ 1. +0.j        -0.5-0.8660254j -0.5+0.8660254j  1. +0.j
  -0.5-0.8660254j -0.5+0.8660254j]
 [ 1. +0.j         1. +0.j         1. +0.j        -1. +0.j
  -1. +0.j        -1. +0.j       ]
 [ 1. +0.j        -0.5+0.8660254j -0.5-0.8660254j -1. +0.j
   0.5-0.8660254j  0.5+0.8660254j]
 [ 1. +0.j        -0.5-0.8660254j -0.5+0.8660254j -1. +0.j
   0.5+0.8660254j  0.5-0.8660254j]]
向量 b: [ 4.  1.  1.  2. -1. -1.]
解 x: [1. 1. 1. 1. 0. 0.]
验证 (Ax=b): 成功
---------------------------
--- 求解结果 ---
矩阵 A:
[[ 1.  1.  1.  1.  2.]
 [ 1.  1. -1. -1.  0.]
 [ 1.  1.  1.  1. -2.]
 [ 1. -1.  1. -1.  0.]
 [ 1. -1. -1.  1.  0.]]
向量 b: [ 4.  0.  0.  0. -2.]
解 x: [0. 1. 1. 0. 1.]
验证 (Ax=b): 成功
---------------------------
--- 求解结果 ---
矩阵 A:
[[ 1.  1.  2.  3.  3.  1.  1.  2.  3.  3.]
 [ 1.  1. -1.  0.  0.  1.  1. -1.  0.  0.]
 [ 1.  1.  2. -1. -1.  1.  1.  2. -1. -1.]
 [ 1. -1.  0.  1. -1.  1. -1.  0.  1. -1.]
 [ 1. -1.  0. -1.  1.  1. -1.  0. -1.  1.]
 [ 1.  1.  2.  3.  3. -1. -1. -2. -3. -3.]
 [ 1.  1. -1.  0.  0. -1. -1.  1.  0.  0.]
 [ 1.  1.  2. -1. -1. -1. -1. -2.  1.  1.]
 [ 1. -1.  0.  1. -1. -1.  1.  0. -1.  1.]
 [ 1. -1.  0. -1.  1. -1.  1.  0.  1. -1.]]
向量 b: [15.  0. -1.  1.  1. -3.  0.  5. -1.  3.]
解 x: [1. 0. 1. 0. 1. 0. 0. 0. 2. 1.]
验证 (Ax=b): 成功
